<?xml version="1.0" encoding="UTF-8"?>
<testsuite xmlns:xsi="http://www.w3.org/2001/XMLSchema-instance" xsi:noNamespaceSchemaLocation="https://maven.apache.org/surefire/maven-surefire-plugin/xsd/surefire-test-report.xsd" version="3.0.2" name="org.example.unifyx.UnifyxApplicationTests" time="21.646" tests="1" errors="0" skipped="0" failures="0">
  <properties>
[...]
</properties>
  <testcase name="contextLoads" classname="org.example.unifyx.UnifyxApplicationTests" time="0.585">
    <system-out><![CDATA[18:04:42.789 [main] INFO org.springframework.test.context.support.AnnotationConfigContextLoaderUtils -- Could not detect default configuration classes for test class [org.example.unifyx.UnifyxApplicationTests]: UnifyxApplicationTests does not declare any static, non-private, non-final, nested classes annotated with @Configuration.
18:04:42.963 [main] INFO org.springframework.boot.test.context.SpringBootTestContextBootstrapper -- Found @SpringBootConfiguration org.example.unifyx.UnifyxApplication for test class org.example.unifyx.UnifyxApplicationTests
18:04:43.227 [main] INFO org.springframework.boot.devtools.restart.RestartApplicationListener -- Restart disabled due to context in which it is running

  .   ____          _            __ _ _
 /\\ / ___'_ __ _ _(_)_ __  __ _ \ \ \ \
( ( )\___ | '_ | '_| | '_ \/ _` | \ \ \ \
 \\/  ___)| |_)| | | | | || (_| |  ) ) ) )
  '  |____| .__|_| |_|_| |_\__, | / / / /
 =========|_|==============|___/=/_/_/_/

 :: Spring Boot ::                (v3.4.2)

2025-05-01T18:04:43.660+05:30  INFO 14928 --- [Unifyx] [           main] o.example.unifyx.UnifyxApplicationTests  : Starting UnifyxApplicationTests using Java 17.0.7 with PID 14928 (started by Suhani in D:\project 1\Unifyx\Unifyx_Backend)
2025-05-01T18:04:43.663+05:30  INFO 14928 --- [Unifyx] [           main] o.example.unifyx.UnifyxApplicationTests  : No active profile set, falling back to 1 default profile: "default"
2025-05-01T18:04:45.058+05:30  INFO 14928 --- [Unifyx] [           main] .s.d.r.c.RepositoryConfigurationDelegate : Bootstrapping Spring Data JPA repositories in DEFAULT mode.
2025-05-01T18:04:45.166+05:30  INFO 14928 --- [Unifyx] [           main] .s.d.r.c.RepositoryConfigurationDelegate : Finished Spring Data repository scanning in 91 ms. Found 6 JPA repository interfaces.
2025-05-01T18:04:46.099+05:30  INFO 14928 --- [Unifyx] [           main] o.hibernate.jpa.internal.util.LogHelper  : HHH000204: Processing PersistenceUnitInfo [name: default]
2025-05-01T18:04:46.188+05:30  INFO 14928 --- [Unifyx] [           main] org.hibernate.Version                    : HHH000412: Hibernate ORM core version 6.6.5.Final
2025-05-01T18:04:46.236+05:30  INFO 14928 --- [Unifyx] [           main] o.h.c.internal.RegionFactoryInitiator    : HHH000026: Second-level cache disabled
2025-05-01T18:04:46.694+05:30  INFO 14928 --- [Unifyx] [           main] o.s.o.j.p.SpringPersistenceUnitInfo      : No LoadTimeWeaver setup: ignoring JPA class transformer
2025-05-01T18:04:46.737+05:30  INFO 14928 --- [Unifyx] [           main] com.zaxxer.hikari.HikariDataSource       : HikariPool-1 - Starting...
2025-05-01T18:04:49.701+05:30  INFO 14928 --- [Unifyx] [           main] com.zaxxer.hikari.pool.HikariPool        : HikariPool-1 - Added connection com.mysql.cj.jdbc.ConnectionImpl@70ce2fb2
2025-05-01T18:04:49.708+05:30  INFO 14928 --- [Unifyx] [           main] com.zaxxer.hikari.HikariDataSource       : HikariPool-1 - Start completed.
2025-05-01T18:04:49.961+05:30  WARN 14928 --- [Unifyx] [           main] org.hibernate.orm.deprecation            : HHH90000025: MySQL8Dialect does not need to be specified explicitly using 'hibernate.dialect' (remove the property setting and it will be selected by default)
2025-05-01T18:04:49.964+05:30  WARN 14928 --- [Unifyx] [           main] org.hibernate.orm.deprecation            : HHH90000026: MySQL8Dialect has been deprecated; use org.hibernate.dialect.MySQLDialect instead
2025-05-01T18:04:50.022+05:30  INFO 14928 --- [Unifyx] [           main] org.hibernate.orm.connections.pooling    : HHH10001005: Database info:
	Database JDBC URL [Connecting through datasource 'HikariDataSource (HikariPool-1)']
	Database driver: undefined/unknown
	Database version: 8.0
	Autocommit mode: undefined/unknown
	Isolation level: undefined/unknown
	Minimum pool size: undefined/unknown
	Maximum pool size: undefined/unknown
2025-05-01T18:04:51.754+05:30  INFO 14928 --- [Unifyx] [           main] o.h.e.t.j.p.i.JtaPlatformInitiator       : HHH000489: No JTA platform available (set 'hibernate.transaction.jta.platform' to enable JTA platform integration)
2025-05-01T18:04:59.640+05:30  INFO 14928 --- [Unifyx] [           main] j.LocalContainerEntityManagerFactoryBean : Initialized JPA EntityManagerFactory for persistence unit 'default'
Cloudinary Config Loaded:
Cloud Name: dhm6tu4us
API Key: 689583417732242
2025-05-01T18:05:00.475+05:30  INFO 14928 --- [Unifyx] [           main] o.s.d.j.r.query.QueryEnhancerFactory     : Hibernate is in classpath; If applicable, HQL parser will be used.
2025-05-01T18:05:02.150+05:30  WARN 14928 --- [Unifyx] [           main] JpaBaseConfiguration$JpaWebConfiguration : spring.jpa.open-in-view is enabled by default. Therefore, database queries may be performed during view rendering. Explicitly configure spring.jpa.open-in-view to disable this warning
2025-05-01T18:05:03.381+05:30  INFO 14928 --- [Unifyx] [           main] o.s.b.a.e.web.EndpointLinksResolver      : Exposing 1 endpoint beneath base path '/actuator'
2025-05-01T18:05:03.498+05:30  INFO 14928 --- [Unifyx] [           main] o.example.unifyx.UnifyxApplicationTests  : Started UnifyxApplicationTests in 20.278 seconds (process running for 21.743)
]]></system-out>
  </testcase>
</testsuite>